<?xml version="1.0" encoding="UTF-8"?>
<testng-results ignored="0" total="3" passed="3" failed="0" skipped="0">
  <reporter-output>
  </reporter-output>
  <suite started-at="2023-08-02T03:29:29 GMT-11:00" name="Default suite" finished-at="2023-08-02T03:29:33 GMT-11:00" duration-ms="4677">
    <groups>
    </groups>
    <test started-at="2023-08-02T03:29:29 GMT-11:00" name="Default test" finished-at="2023-08-02T03:29:33 GMT-11:00" duration-ms="4677">
      <class name="com.qa.base.dragDrop">
        <test-method is-config="true" signature="setUp()[pri:0, instance:com.qa.base.dragDrop@815b41f]" started-at="2023-08-02T03:29:29 GMT-11:00" name="setUp" finished-at="2023-08-02T03:29:31 GMT-11:00" duration-ms="1954" status="PASS">
          <reporter-output>
          </reporter-output>
        </test-method> <!-- setUp -->
        <test-method signature="linkTest()[pri:0, instance:com.qa.base.dragDrop@815b41f]" started-at="2023-08-02T03:29:31 GMT-11:00" name="linkTest" finished-at="2023-08-02T03:29:33 GMT-11:00" duration-ms="2070" status="PASS">
          <reporter-output>
          </reporter-output>
        </test-method> <!-- linkTest -->
        <test-method signature="drag()[pri:1, instance:com.qa.base.dragDrop@815b41f]" started-at="2023-08-02T03:29:33 GMT-11:00" name="drag" finished-at="2023-08-02T03:29:33 GMT-11:00" duration-ms="329" status="PASS">
          <reporter-output>
          </reporter-output>
        </test-method> <!-- drag -->
        <test-method signature="drag2()[pri:2, instance:com.qa.base.dragDrop@815b41f]" started-at="2023-08-02T03:29:33 GMT-11:00" name="drag2" finished-at="2023-08-02T03:29:33 GMT-11:00" duration-ms="279" status="PASS">
          <reporter-output>
          </reporter-output>
        </test-method> <!-- drag2 -->
      </class> <!-- com.qa.base.dragDrop -->
    </test> <!-- Default test -->
  </suite> <!-- Default suite -->
</testng-results>
